This is pdfTeX, Version 3.14159265-2.6-1.40.18 (TeX Live 2017/Debian) (preloaded format=pdflatex 2019.11.25)  26 NOV 2019 00:20
entering extended mode
 restricted \write18 enabled.
 file:line:error style messages enabled.
 %&-line parsing enabled.
**point_kinetics.tex
(/home/clyde/Documents/MIT/point_kinetics/siam_temp/point_kinetics.tex
LaTeX2e <2017-04-15>
Babel <3.18> and hyphenation patterns for 84 language(s) loaded.
(/home/clyde/Documents/MIT/point_kinetics/siam_temp/siamart171218.cls
Document Class: siamart171218 2017/12/18 v1.4.2 LaTeX document e-class
(/usr/share/texlive/texmf-dist/tex/latex/amsmath/amsmath.sty
Package: amsmath 2017/09/02 v2.17a AMS math features
\@mathmargin=\skip41

For additional information on amsmath, use the `?' option.
(/usr/share/texlive/texmf-dist/tex/latex/amsmath/amstext.sty
Package: amstext 2000/06/29 v2.01 AMS text
 (/usr/share/texlive/texmf-dist/tex/latex/amsmath/amsgen.sty
File: amsgen.sty 1999/11/30 v2.0 generic functions
\@emptytoks=\toks14
\ex@=\dimen102
)) (/usr/share/texlive/texmf-dist/tex/latex/amsmath/amsbsy.sty
Package: amsbsy 1999/11/29 v1.2d Bold Symbols
\pmbraise@=\dimen103
) (/usr/share/texlive/texmf-dist/tex/latex/amsmath/amsopn.sty
Package: amsopn 2016/03/08 v2.02 operator names
)
\inf@bad=\count79
LaTeX Info: Redefining \frac on input line 213.
\uproot@=\count80
\leftroot@=\count81
LaTeX Info: Redefining \overline on input line 375.
\classnum@=\count82
\DOTSCASE@=\count83
LaTeX Info: Redefining \ldots on input line 472.
LaTeX Info: Redefining \dots on input line 475.
LaTeX Info: Redefining \cdots on input line 596.
\Mathstrutbox@=\box26
\strutbox@=\box27
\big@size=\dimen104
LaTeX Font Info:    Redeclaring font encoding OML on input line 712.
LaTeX Font Info:    Redeclaring font encoding OMS on input line 713.
\macc@depth=\count84
\c@MaxMatrixCols=\count85
\dotsspace@=\muskip10
\c@parentequation=\count86
\dspbrk@lvl=\count87
\tag@help=\toks15
\row@=\count88
\column@=\count89
\maxfields@=\count90
\andhelp@=\toks16
\eqnshift@=\dimen105
\alignsep@=\dimen106
\tagshift@=\dimen107
\tagwidth@=\dimen108
\totwidth@=\dimen109
\lineht@=\dimen110
\@envbody=\toks17
\multlinegap=\skip42
\multlinetaggap=\skip43
\mathdisplay@stack=\toks18
LaTeX Info: Redefining \[ on input line 2817.
LaTeX Info: Redefining \] on input line 2818.
) (/usr/share/texlive/texmf-dist/tex/latex/ntheorem/ntheorem.sty
Style `ntheorem', Version 1.33 <2011/08/15>
Package: ntheorem 2011/08/15 1.33
(/usr/share/texlive/texmf-dist/tex/latex/base/ifthen.sty
Package: ifthen 2014/09/29 v1.1c Standard LaTeX ifthen package (DPC)
)
\theorem@style=\toks19
\theorem@@style=\toks20
\theorembodyfont=\toks21
\theoremnumbering=\toks22
\theorempreskipamount=\skip44
\theorempostskipamount=\skip45
\theoremframepreskipamount=\skip46
\theoremframepostskipamount=\skip47
\theoreminframepreskipamount=\skip48
\theoreminframepostskipamount=\skip49
\theorem@preskip=\toks23
\theorem@postskip=\toks24
\theorem@framepreskip=\toks25
\theorem@framepostskip=\toks26
\theorem@inframepreskip=\toks27
\theorem@inframepostskip=\toks28
\theoremindent=\dimen111
\theorem@indent=\dimen112
\theoremrightindent=\dimen113
\theorem@rightindent=\dimen114
\theoremheaderfont=\toks29
\theoremseparator=\toks30
\theoremprework=\toks31
\theorempostwork=\toks32
\theoremsymbol=\toks33
\qedsymbol=\toks34
\theoremkeyword=\toks35
\qedsymbol=\toks36
\thm@topsep=\skip50
\thm@topsepadd=\skip51
Package ntheorem Info: Option `thmmarks' loaded on input line 1175.
\c@endNonectr=\count91
\c@currNonectr=\count92
\mysavskip=\skip52
Package ntheorem Info: option `amsmath' handling for `thmmarks' loaded on input line 1175.
\thm@amstmpdepth=\dimen115
\tagwidth=\dimen116
)
\fromfoliotocopyright=\skip53
\c@section=\count93
\c@subsection=\count94
\c@subsubsection=\count95
\c@paragraph=\count96
\c@subparagraph=\count97
\c@rmnum=\count98
\c@muni=\count99
\@sectionspace=\skip54
\@negsectionspace=\skip55
\c@figure=\count100
\c@table=\count101
\abovecaptionskip=\skip56
\belowcaptionskip=\skip57
\bibindent=\dimen117
 (/usr/share/texlive/texmf-dist/tex/latex/hyperref/xr-hyper.sty
Package: xr-hyper 2000/03/22 v6.00beta4 eXternal References (DPC)
) (/usr/share/texlive/texmf-dist/tex/generic/oberdiek/ifpdf.sty
Package: ifpdf 2017/03/15 v3.2 Provides the ifpdf switch
) (/usr/share/texlive/texmf-dist/tex/latex/hyperref/hyperref.sty
Package: hyperref 2018/02/06 v6.86b Hypertext links for LaTeX
 (/usr/share/texlive/texmf-dist/tex/generic/oberdiek/hobsub-hyperref.sty
Package: hobsub-hyperref 2016/05/16 v1.14 Bundle oberdiek, subset hyperref (HO)
 (/usr/share/texlive/texmf-dist/tex/generic/oberdiek/hobsub-generic.sty
Package: hobsub-generic 2016/05/16 v1.14 Bundle oberdiek, subset generic (HO)
Package: hobsub 2016/05/16 v1.14 Construct package bundles (HO)
Package: infwarerr 2016/05/16 v1.4 Providing info/warning/error messages (HO)
Package: ltxcmds 2016/05/16 v1.23 LaTeX kernel commands for general use (HO)
Package: ifluatex 2016/05/16 v1.4 Provides the ifluatex switch (HO)
Package ifluatex Info: LuaTeX not detected.
Package: ifvtex 2016/05/16 v1.6 Detect VTeX and its facilities (HO)
Package ifvtex Info: VTeX not detected.
Package: intcalc 2016/05/16 v1.2 Expandable calculations with integers (HO)
Package hobsub Info: Skipping package `ifpdf' (already loaded).
Package: etexcmds 2016/05/16 v1.6 Avoid name clashes with e-TeX commands (HO)
Package etexcmds Info: Could not find \expanded.
(etexcmds)             That can mean that you are not using pdfTeX 1.50 or
(etexcmds)             that some package has redefined \expanded.
(etexcmds)             In the latter case, load this package earlier.
Package: kvsetkeys 2016/05/16 v1.17 Key value parser (HO)
Package: kvdefinekeys 2016/05/16 v1.4 Define keys (HO)
Package: pdftexcmds 2018/01/21 v0.26 Utility functions of pdfTeX for LuaTeX (HO)
Package pdftexcmds Info: LuaTeX not detected.
Package pdftexcmds Info: \pdf@primitive is available.
Package pdftexcmds Info: \pdf@ifprimitive is available.
Package pdftexcmds Info: \pdfdraftmode found.
Package: pdfescape 2016/05/16 v1.14 Implements pdfTeX's escape features (HO)
Package: bigintcalc 2016/05/16 v1.4 Expandable calculations on big integers (HO)
Package: bitset 2016/05/16 v1.2 Handle bit-vector datatype (HO)
Package: uniquecounter 2016/05/16 v1.3 Provide unlimited unique counter (HO)
)
Package hobsub Info: Skipping package `hobsub' (already loaded).
Package: letltxmacro 2016/05/16 v1.5 Let assignment for LaTeX macros (HO)
Package: hopatch 2016/05/16 v1.3 Wrapper for package hooks (HO)
Package: xcolor-patch 2016/05/16 xcolor patch
Package: atveryend 2016/05/16 v1.9 Hooks at the very end of document (HO)
Package atveryend Info: \enddocument detected (standard20110627).
Package: atbegshi 2016/06/09 v1.18 At begin shipout hook (HO)
Package: refcount 2016/05/16 v3.5 Data extraction from label references (HO)
Package: hycolor 2016/05/16 v1.8 Color options for hyperref/bookmark (HO)
) (/usr/share/texlive/texmf-dist/tex/latex/graphics/keyval.sty
Package: keyval 2014/10/28 v1.15 key=value parser (DPC)
\KV@toks@=\toks37
) (/usr/share/texlive/texmf-dist/tex/generic/ifxetex/ifxetex.sty
Package: ifxetex 2010/09/12 v0.6 Provides ifxetex conditional
) (/usr/share/texlive/texmf-dist/tex/latex/oberdiek/auxhook.sty
Package: auxhook 2016/05/16 v1.4 Hooks for auxiliary files (HO)
) (/usr/share/texlive/texmf-dist/tex/latex/oberdiek/kvoptions.sty
Package: kvoptions 2016/05/16 v3.12 Key value format for package options (HO)
)
\@linkdim=\dimen118
\Hy@linkcounter=\count102
\Hy@pagecounter=\count103
 (/usr/share/texlive/texmf-dist/tex/latex/hyperref/pd1enc.def
File: pd1enc.def 2018/02/06 v6.86b Hyperref: PDFDocEncoding definition (HO)
)
\Hy@SavedSpaceFactor=\count104
 (/usr/share/texlive/texmf-dist/tex/latex/latexconfig/hyperref.cfg
File: hyperref.cfg 2002/06/06 v1.2 hyperref configuration of TeXLive
)
Package hyperref Info: Hyper figures OFF on input line 4509.
Package hyperref Info: Link nesting OFF on input line 4514.
Package hyperref Info: Hyper index ON on input line 4517.
Package hyperref Info: Plain pages OFF on input line 4524.
Package hyperref Info: Backreferencing OFF on input line 4529.
Package hyperref Info: Implicit mode ON; LaTeX internals redefined.
Package hyperref Info: Bookmarks ON on input line 4762.
\c@Hy@tempcnt=\count105
 (/usr/share/texlive/texmf-dist/tex/latex/url/url.sty
\Urlmuskip=\muskip11
Package: url 2013/09/16  ver 3.4  Verb mode for urls, etc.
)
LaTeX Info: Redefining \url on input line 5115.
\XeTeXLinkMargin=\dimen119
\Fld@menulength=\count106
\Field@Width=\dimen120
\Fld@charsize=\dimen121
Package hyperref Info: Hyper figures OFF on input line 6369.
Package hyperref Info: Link nesting OFF on input line 6374.
Package hyperref Info: Hyper index ON on input line 6377.
Package hyperref Info: backreferencing OFF on input line 6384.
Package hyperref Info: Link coloring OFF on input line 6389.
Package hyperref Info: Link coloring with OCG OFF on input line 6394.
Package hyperref Info: PDF/A mode OFF on input line 6399.
LaTeX Info: Redefining \ref on input line 6439.
LaTeX Info: Redefining \pageref on input line 6443.
\Hy@abspage=\count107
\c@Item=\count108
\c@Hfootnote=\count109
)
Package hyperref Info: Driver (autodetected): hpdftex.
 (/usr/share/texlive/texmf-dist/tex/latex/hyperref/hpdftex.def
File: hpdftex.def 2018/02/06 v6.86b Hyperref driver for pdfTeX
\Fld@listcount=\count110
\c@bookmark@seq@number=\count111
 (/usr/share/texlive/texmf-dist/tex/latex/oberdiek/rerunfilecheck.sty
Package: rerunfilecheck 2016/05/16 v1.8 Rerun checks for auxiliary files (HO)
Package uniquecounter Info: New unique counter `rerunfilecheck' on input line 282.
)
\Hy@SectionHShift=\skip58
)
Package hyperref Info: Option `colorlinks' set `false' on input line 1286.
Package hyperref Info: Option `frenchlinks' set `false' on input line 1286.
Package hyperref Info: Option `naturalnames' set `false' on input line 1286.
Package hyperref Info: Option `hypertexnames' set `false' on input line 1286.
Package hyperref Info: Option `breaklinks' set `true' on input line 1286.

(/usr/share/texlive/texmf-dist/tex/latex/graphics/graphics.sty
Package: graphics 2017/06/25 v1.2c Standard LaTeX Graphics (DPC,SPQR)
 (/usr/share/texlive/texmf-dist/tex/latex/graphics/trig.sty
Package: trig 2016/01/03 v1.10 sin cos tan (DPC)
) (/usr/share/texlive/texmf-dist/tex/latex/graphics-cfg/graphics.cfg
File: graphics.cfg 2016/06/04 v1.11 sample graphics configuration
)
Package graphics Info: Driver file: pdftex.def on input line 99.
 (/usr/share/texlive/texmf-dist/tex/latex/graphics-def/pdftex.def
File: pdftex.def 2018/01/08 v1.0l Graphics/color driver for pdftex
)) (/usr/share/texlive/texmf-dist/tex/latex/graphics/graphicx.sty
Package: graphicx 2017/06/01 v1.1a Enhanced LaTeX Graphics (DPC,SPQR)
\Gin@req@height=\dimen122
\Gin@req@width=\dimen123
) (/usr/share/texlive/texmf-dist/tex/latex/oberdiek/epstopdf.sty
Package: epstopdf 2016/05/15 v2.6 Conversion with epstopdf on the fly (HO)
 (/usr/share/texlive/texmf-dist/tex/latex/oberdiek/epstopdf-base.sty
Package: epstopdf-base 2016/05/15 v2.6 Base part for package epstopdf
 (/usr/share/texlive/texmf-dist/tex/latex/oberdiek/grfext.sty
Package: grfext 2016/05/16 v1.2 Manage graphics extensions (HO)
)
Package epstopdf-base Info: Redefining graphics rule for `.eps' on input line 438.
Package grfext Info: Graphics extension search list:
(grfext)             [.pdf,.png,.jpg,.mps,.jpeg,.jbig2,.jb2,.PDF,.PNG,.JPG,.JPEG,.JBIG2,.JB2,.eps]
(grfext)             \AppendGraphicsExtensions on input line 456.
 (/usr/share/texlive/texmf-dist/tex/latex/latexconfig/epstopdf-sys.cfg
File: epstopdf-sys.cfg 2010/07/13 v1.3 Configuration of (r)epstopdf for TeX Live
))) (/usr/share/texlive/texmf-dist/tex/latex/xcolor/xcolor.sty
Package: xcolor 2016/05/11 v2.12 LaTeX color extensions (UK)
 (/usr/share/texlive/texmf-dist/tex/latex/graphics-cfg/color.cfg
File: color.cfg 2016/01/02 v1.6 sample color configuration
)
Package xcolor Info: Driver file: pdftex.def on input line 225.
Package xcolor Info: Model `cmy' substituted by `cmy0' on input line 1348.
Package xcolor Info: Model `hsb' substituted by `rgb' on input line 1352.
Package xcolor Info: Model `RGB' extended on input line 1364.
Package xcolor Info: Model `HTML' substituted by `rgb' on input line 1366.
Package xcolor Info: Model `Hsb' substituted by `hsb' on input line 1367.
Package xcolor Info: Model `tHsb' substituted by `hsb' on input line 1368.
Package xcolor Info: Model `HSB' substituted by `hsb' on input line 1369.
Package xcolor Info: Model `Gray' substituted by `gray' on input line 1370.
Package xcolor Info: Model `wave' substituted by `hsb' on input line 1371.
)
Package hyperref Info: Option `colorlinks' set `true' on input line 1322.
 (/usr/share/texlive/texmf-dist/tex/latex/oberdiek/hypcap.sty
Package: hypcap 2016/05/16 v1.12 Adjusting the anchors of captions (HO)
) (/usr/share/texlive/texmf-dist/tex/latex/algorithms/algorithm.sty
Package: algorithm 2009/08/24 v0.1 Document Style `algorithm' - floating environment
 (/usr/share/texlive/texmf-dist/tex/latex/float/float.sty
Package: float 2001/11/08 v1.3d Float enhancements (AL)
\c@float@type=\count112
\float@exts=\toks38
\float@box=\box28
\@float@everytoks=\toks39
\@floatcapt=\box29
)
\@float@every@algorithm=\toks40
\c@algorithm=\count113
) (/usr/share/texlive/texmf-dist/tex/latex/cleveref/cleveref.sty
Package: cleveref 2018/02/08 v0.21.1 Intelligent cross-referencing
Package cleveref Info: `hyperref' support loaded on input line 2301.
LaTeX Info: Redefining \cref on input line 2301.
LaTeX Info: Redefining \Cref on input line 2301.
LaTeX Info: Redefining \crefrange on input line 2301.
LaTeX Info: Redefining \Crefrange on input line 2301.
LaTeX Info: Redefining \cpageref on input line 2301.
LaTeX Info: Redefining \Cpageref on input line 2301.
LaTeX Info: Redefining \cpagerefrange on input line 2301.
LaTeX Info: Redefining \Cpagerefrange on input line 2301.
LaTeX Info: Redefining \labelcref on input line 2301.
LaTeX Info: Redefining \labelcpageref on input line 2301.
Package cleveref Info: `ntheorem' support loaded on input line 2986.
Package cleveref Info: always capitalise cross-reference names on input line 7761.
Package cleveref Info: include cross-reference names in hyperlinks on input line 7767.
Package cleveref Info: always capitalise cross-reference names on input line 7783.
Package cleveref Info: include cross-reference names in hyperlinks on input line 7783.
)
\c@currproofctr=\count114
\c@endproofctr=\count115
\c@proof=\count116
\c@currtheoremctr=\count117
\c@endtheoremctr=\count118
\c@theorem=\count119
\c@currlemmactr=\count120
\c@endlemmactr=\count121
\c@currcorollaryctr=\count122
\c@endcorollaryctr=\count123
\c@currpropositionctr=\count124
\c@endpropositionctr=\count125
\c@currdefinitionctr=\count126
\c@enddefinitionctr=\count127

(/usr/share/texlive/texmf-dist/tex/latex/lineno/lineno.sty
Package: lineno 2005/11/02 line numbers on paragraphs v4.41
\linenopenalty=\count128
\output=\toks41
\linenoprevgraf=\count129
\linenumbersep=\dimen124
\linenumberwidth=\dimen125
\c@linenumber=\count130
\c@pagewiselinenumber=\count131
\c@LN@truepage=\count132
\c@internallinenumber=\count133
\c@internallinenumbers=\count134
\quotelinenumbersep=\dimen126
\bframerule=\dimen127
\bframesep=\dimen128
\bframebox=\box30
LaTeX Info: Redefining \\ on input line 3056.
)) (/usr/share/texlive/texmf-dist/tex/latex/lipsum/lipsum.sty
Package: lipsum 2014/07/27 v1.3 150 paragraphs of Lorem Ipsum dummy text
\c@lips@count=\count135
) (/usr/share/texlive/texmf-dist/tex/latex/amsfonts/amsfonts.sty
Package: amsfonts 2013/01/14 v3.01 Basic AMSFonts support
\symAMSa=\mathgroup4
\symAMSb=\mathgroup5
LaTeX Font Info:    Overwriting math alphabet `\mathfrak' in version `bold'
(Font)                  U/euf/m/n --> U/euf/b/n on input line 106.
) (/usr/share/texlive/texmf-dist/tex/latex/algorithms/algorithmic.sty
Package: algorithmic 2009/08/24 v0.1 Document Style `algorithmic'
\c@ALC@unique=\count136
\c@ALC@line=\count137
\c@ALC@rem=\count138
\c@ALC@depth=\count139
\ALC@tlm=\skip59
\algorithmicindent=\skip60
)
\c@currremarkctr=\count140
\c@endremarkctr=\count141
\c@currhypothesisctr=\count142
\c@endhypothesisctr=\count143
\c@currclaimctr=\count144
\c@endclaimctr=\count145
 (/home/clyde/Documents/MIT/point_kinetics/siam_temp/point_kinetics.aux)
\openout1 = `point_kinetics.aux'.

LaTeX Font Info:    Checking defaults for OML/cmm/m/it on input line 73.
LaTeX Font Info:    ... okay on input line 73.
LaTeX Font Info:    Checking defaults for T1/cmr/m/n on input line 73.
LaTeX Font Info:    ... okay on input line 73.
LaTeX Font Info:    Checking defaults for OT1/cmr/m/n on input line 73.
LaTeX Font Info:    ... okay on input line 73.
LaTeX Font Info:    Checking defaults for OMS/cmsy/m/n on input line 73.
LaTeX Font Info:    ... okay on input line 73.
LaTeX Font Info:    Checking defaults for OMX/cmex/m/n on input line 73.
LaTeX Font Info:    ... okay on input line 73.
LaTeX Font Info:    Checking defaults for U/cmr/m/n on input line 73.
LaTeX Font Info:    ... okay on input line 73.
LaTeX Font Info:    Checking defaults for PD1/pdf/m/n on input line 73.
LaTeX Font Info:    ... okay on input line 73.
\AtBeginShipoutBox=\box31
Package hyperref Info: Link coloring ON on input line 73.
 (/usr/share/texlive/texmf-dist/tex/latex/hyperref/nameref.sty
Package: nameref 2016/05/21 v2.44 Cross-referencing by name of section
 (/usr/share/texlive/texmf-dist/tex/generic/oberdiek/gettitlestring.sty
Package: gettitlestring 2016/05/16 v1.5 Cleanup title references (HO)
)
\c@section@level=\count146
)
LaTeX Info: Redefining \ref on input line 73.
LaTeX Info: Redefining \pageref on input line 73.
LaTeX Info: Redefining \nameref on input line 73.
 (/home/clyde/Documents/MIT/point_kinetics/siam_temp/point_kinetics.out) (/home/clyde/Documents/MIT/point_kinetics/siam_temp/point_kinetics.out)
\@outlinefile=\write3
\openout3 = `point_kinetics.out'.

 (/usr/share/texlive/texmf-dist/tex/context/base/mkii/supp-pdf.mkii
[Loading MPS to PDF converter (version 2006.09.02).]
\scratchcounter=\count147
\scratchdimen=\dimen129
\scratchbox=\box32
\nofMPsegments=\count148
\nofMParguments=\count149
\everyMPshowfont=\toks42
\MPscratchCnt=\count150
\MPscratchDim=\dimen130
\MPnumerator=\count151
\makeMPintoPDFobject=\count152
\everyMPtoPDFconversion=\toks43
)
LaTeX Font Info:    Try loading font information for U+msa on input line 76.
 (/usr/share/texlive/texmf-dist/tex/latex/amsfonts/umsa.fd
File: umsa.fd 2013/01/14 v3.01 AMS symbols A
)
LaTeX Font Info:    Try loading font information for U+msb on input line 76.
 (/usr/share/texlive/texmf-dist/tex/latex/amsfonts/umsb.fd
File: umsb.fd 2013/01/14 v3.01 AMS symbols B
)
Underfull \hbox (badness 10000) in paragraph at lines 76--76
[][]\OT1/cmr/m/n/8 Massachusetts In-sti-tute of Tech-nol-ogy De-part-ments of Math-e-mat-ics and Physics
 []


LaTeX Warning: Reference `sec:proof' on page 1 undefined on input line 120.

Package hyperref Info: bookmark level for unknown theorem defaults to 0 on input line 122.
[1

{/var/lib/texmf/fonts/map/pdftex/updmap/pdftex.map}]
Package hyperref Info: bookmark level for unknown corollary defaults to 0 on input line 150.
Package hyperref Info: bookmark level for unknown proof defaults to 0 on input line 155.
 [2]
Package hyperref Info: bookmark level for unknown algorithm defaults to 0 on input line 195.
LaTeX Font Info:    Try loading font information for OMS+cmr on input line 198.
 (/usr/share/texlive/texmf-dist/tex/latex/base/omscmr.fd
File: omscmr.fd 2014/09/29 v2.5h Standard LaTeX font definitions
)
LaTeX Font Info:    Font shape `OMS/cmr/m/n' in size <10> not available
(Font)              Font shape `OMS/cmsy/m/n' tried instead on input line 198.


LaTeX Warning: Reference `tab:foo' on page 1 undefined on input line 217.


/home/clyde/Documents/MIT/point_kinetics/siam_temp/point_kinetics.tex:221: LaTeX Error: File `lexample_fig1' not found.

See the LaTeX manual or LaTeX Companion for explanation.
Type  H <return>  for immediate help.
 ...                                              
                                                  
l.221 ...bel{fig:a}\includegraphics{lexample_fig1}
                                                  
I could not locate the file with any of these extensions:
.eps,.pdf,.png,.jpg,.eps
Try typing  <return>  to proceed.
If that doesn't work, type  X <return>  to quit.

[3]
Package hyperref Info: bookmark level for unknown lemma defaults to 0 on input line 243.
 (/home/clyde/Documents/MIT/point_kinetics/siam_temp/point_kinetics.bbl)
\tf@thm=\write4
\openout4 = `point_kinetics.thm'.

Package atveryend Info: Empty hook `BeforeClearDocument' on input line 253.
 [4]
Package atveryend Info: Empty hook `AfterLastShipout' on input line 253.
 (/home/clyde/Documents/MIT/point_kinetics/siam_temp/point_kinetics.aux)
Package atveryend Info: Executing hook `AtVeryEndDocument' on input line 253.
Package atveryend Info: Executing hook `AtEndAfterFileList' on input line 253.
Package rerunfilecheck Info: File `point_kinetics.out' has not changed.
(rerunfilecheck)             Checksum: 5CF4490625A843E1B709BDF5AD194F41;470.


LaTeX Warning: There were undefined references.

Package atveryend Info: Empty hook `AtVeryVeryEnd' on input line 253.
 ) 
Here is how much of TeX's memory you used:
 9316 strings out of 492982
 147752 string characters out of 6134895
 338509 words of memory out of 5000000
 12743 multiletter control sequences out of 15000+600000
 12973 words of font info for 49 fonts, out of 8000000 for 9000
 1141 hyphenation exceptions out of 8191
 36i,9n,39p,248b,504s stack positions out of 5000i,500n,10000p,200000b,80000s
</usr/share/texlive/texmf-dist/fonts/type1/public/amsfonts/cm/cmbsy10.pfb></usr/share/texlive/texmf-dist/fonts/type1/public/amsfonts/cm/cmbx10.pfb></usr/share/texlive/texmf-dist/fonts/type1/public/amsfonts/cm/cmbx8.pfb></usr/share/texlive/texmf-dist/fonts/type1/public/amsfonts/cm/cmcsc10.pfb></usr/share/texlive/texmf-dist/fonts/type1/public/amsfonts/cm/cmex10.pfb></usr/share/texlive/texmf-dist/fonts/type1/public/amsfonts/cm/cmmi10.pfb></usr/share/texlive/texmf-dist/fonts/type1/public/amsfonts/cm/cmmi5.pfb></usr/share/texlive/texmf-dist/fonts/type1/public/amsfonts/cm/cmmi7.pfb></usr/share/texlive/texmf-dist/fonts/type1/public/amsfonts/cm/cmmib10.pfb></usr/share/texlive/texmf-dist/fonts/type1/public/amsfonts/cm/cmr10.pfb></usr/share/texlive/texmf-dist/fonts/type1/public/amsfonts/cm/cmr6.pfb></usr/share/texlive/texmf-dist/fonts/type1/public/amsfonts/cm/cmr7.pfb></usr/share/texlive/texmf-dist/fonts/type1/public/amsfonts/cm/cmr8.pfb></usr/share/texlive/texmf-dist/fonts/type1/public/amsfon
ts/cm/cmsy10.pfb></usr/share/texlive/texmf-dist/fonts/type1/public/amsfonts/cm/cmsy5.pfb></usr/share/texlive/texmf-dist/fonts/type1/public/amsfonts/cm/cmsy6.pfb></usr/share/texlive/texmf-dist/fonts/type1/public/amsfonts/cm/cmsy7.pfb></usr/share/texlive/texmf-dist/fonts/type1/public/amsfonts/cm/cmti10.pfb></usr/share/texlive/texmf-dist/fonts/type1/public/amsfonts/cm/cmti8.pfb></usr/share/texlive/texmf-dist/fonts/type1/public/amsfonts/cm/cmtt10.pfb></usr/share/texlive/texmf-dist/fonts/type1/public/amsfonts/symbols/msbm10.pfb>
Output written on /home/clyde/Documents/MIT/point_kinetics/siam_temp/point_kinetics.pdf (4 pages, 235647 bytes).
PDF statistics:
 189 PDF objects out of 1000 (max. 8388607)
 160 compressed objects within 2 object streams
 33 named destinations out of 1000 (max. 500000)
 73 words of extra memory for PDF output out of 10000 (max. 10000000)

